app/build/intermediates/manifest_merge_blame_file/debug/processDebugMainManifest/manifest-merger-blame-debug-report.txt
1<?xml version="1.0" encoding="utf-8"?>
2<manifest xmlns:android="http://schemas.android.com/apk/res/android"
3    package="com.enterprise.app.debug"
4    android:versionCode="1"
5    android:versionName="1.0-debug" >
6
7    <uses-sdk
8        android:minSdkVersion="28"
9        android:targetSdkVersion="36" />
10
11    <uses-permission android:name="android.permission.INTERNET" />
11-->src/main/AndroidManifest.xml:4:5-67
11-->src/main/AndroidManifest.xml:4:22-64
12
13    <permission
13-->[androidx.core:core:1.17.0] AndroidManifest.xml:22:5-24:47
14        android:name="com.enterprise.app.debug.DYNAMIC_RECEIVER_NOT_EXPORTED_PERMISSION"
14-->[androidx.core:core:1.17.0] AndroidManifest.xml:23:9-81
15        android:protectionLevel="signature" />
15-->[androidx.core:core:1.17.0] AndroidManifest.xml:24:9-44
16
17    <uses-permission android:name="com.enterprise.app.debug.DYNAMIC_RECEIVER_NOT_EXPORTED_PERMISSION" />
17-->[androidx.core:core:1.17.0] AndroidManifest.xml:26:5-97
17-->[androidx.core:core:1.17.0] AndroidManifest.xml:26:22-94
18
19    <application
19-->src/main/AndroidManifest.xml:6:5-47:19
20        android:name="com.enterprise.app.EnterpriseApplication"
20-->src/main/AndroidManifest.xml:7:9-64
21        android:allowBackup="true"
21-->src/main/AndroidManifest.xml:8:9-35
22        android:appComponentFactory="androidx.core.app.CoreComponentFactory"
22-->[androidx.core:core:1.17.0] AndroidManifest.xml:28:18-86
23        android:debuggable="true"
24        android:extractNativeLibs="false"
25        android:icon="@mipmap/ic_launcher"
25-->src/main/AndroidManifest.xml:9:9-43
26        android:label="@string/app_name"
26-->src/main/AndroidManifest.xml:11:9-41
27        android:roundIcon="@mipmap/ic_launcher_round"
27-->src/main/AndroidManifest.xml:10:9-54
28        android:supportsRtl="true"
28-->src/main/AndroidManifest.xml:12:9-35
29        android:testOnly="true"
30        android:theme="@style/Theme.Enterprise" >
30-->src/main/AndroidManifest.xml:13:9-48
31        <activity
31-->src/main/AndroidManifest.xml:15:9-46:20
32            android:name="com.enterprise.app.ui.MainActivity"
32-->src/main/AndroidManifest.xml:16:13-62
33            android:exported="true"
33-->src/main/AndroidManifest.xml:17:13-36
34            android:windowSoftInputMode="adjustResize" >
34-->src/main/AndroidManifest.xml:18:13-55
35
36            <!-- Standard launcher -->
37            <intent-filter>
37-->src/main/AndroidManifest.xml:21:13-24:29
38                <action android:name="android.intent.action.MAIN" />
38-->src/main/AndroidManifest.xml:22:17-69
38-->src/main/AndroidManifest.xml:22:25-66
39
40                <category android:name="android.intent.category.LAUNCHER" />
40-->src/main/AndroidManifest.xml:23:17-77
40-->src/main/AndroidManifest.xml:23:27-74
41            </intent-filter>
42
43            <!--
44                Deep link: enterprise://home
45                enterprise://detail/{itemId}/{itemTitle}
46                enterprise://search
47                enterprise://profile
48                enterprise://settings
49                enterprise://profile/edit/{userId}
50
51                Nav3 handles deep link routing automatically when
52                navDeepLink { uriPattern = ... } is declared in composable().
53            -->
54            <intent-filter android:autoVerify="true" >
54-->src/main/AndroidManifest.xml:37:13-45:29
54-->src/main/AndroidManifest.xml:37:28-53
55                <action android:name="android.intent.action.VIEW" />
55-->src/main/AndroidManifest.xml:38:17-69
55-->src/main/AndroidManifest.xml:38:25-66
56
57                <category android:name="android.intent.category.DEFAULT" />
57-->src/main/AndroidManifest.xml:39:17-76
57-->src/main/AndroidManifest.xml:39:27-73
58                <category android:name="android.intent.category.BROWSABLE" />
58-->src/main/AndroidManifest.xml:40:17-78
58-->src/main/AndroidManifest.xml:40:27-75
59
60                <data android:scheme="http" />
60-->src/main/AndroidManifest.xml:41:17-47
60-->src/main/AndroidManifest.xml:41:23-44
61                <data android:scheme="https" />
61-->src/main/AndroidManifest.xml:41:17-47
61-->src/main/AndroidManifest.xml:41:23-44
62                <data android:scheme="enterprise" />
62-->src/main/AndroidManifest.xml:41:17-47
62-->src/main/AndroidManifest.xml:41:23-44
63                <data android:host="*" />
63-->src/main/AndroidManifest.xml:41:17-47
63-->src/main/AndroidManifest.xml:44:23-39
64            </intent-filter>
65        </activity>
66        <activity
66-->[androidx.compose.ui:ui-tooling-android:1.10.4] AndroidManifest.xml:23:9-25:39
67            android:name="androidx.compose.ui.tooling.PreviewActivity"
67-->[androidx.compose.ui:ui-tooling-android:1.10.4] AndroidManifest.xml:24:13-71
68            android:exported="true" />
68-->[androidx.compose.ui:ui-tooling-android:1.10.4] AndroidManifest.xml:25:13-36
69
70        <uses-library
70-->[androidx.window:window:1.5.0] AndroidManifest.xml:23:9-25:40
71            android:name="androidx.window.extensions"
71-->[androidx.window:window:1.5.0] AndroidManifest.xml:24:13-54
72            android:required="false" />
72-->[androidx.window:window:1.5.0] AndroidManifest.xml:25:13-37
73        <uses-library
73-->[androidx.window:window:1.5.0] AndroidManifest.xml:26:9-28:40
74            android:name="androidx.window.sidecar"
74-->[androidx.window:window:1.5.0] AndroidManifest.xml:27:13-51
75            android:required="false" />
75-->[androidx.window:window:1.5.0] AndroidManifest.xml:28:13-37
76
77        <provider
77-->[androidx.emoji2:emoji2:1.4.0] AndroidManifest.xml:24:9-32:20
78            android:name="androidx.startup.InitializationProvider"
78-->[androidx.emoji2:emoji2:1.4.0] AndroidManifest.xml:25:13-67
79            android:authorities="com.enterprise.app.debug.androidx-startup"
79-->[androidx.emoji2:emoji2:1.4.0] AndroidManifest.xml:26:13-68
80            android:exported="false" >
80-->[androidx.emoji2:emoji2:1.4.0] AndroidManifest.xml:27:13-37
81            <meta-data
81-->[androidx.emoji2:emoji2:1.4.0] AndroidManifest.xml:29:13-31:52
82                android:name="androidx.emoji2.text.EmojiCompatInitializer"
82-->[androidx.emoji2:emoji2:1.4.0] AndroidManifest.xml:30:17-75
83                android:value="androidx.startup" />
83-->[androidx.emoji2:emoji2:1.4.0] AndroidManifest.xml:31:17-49
84            <meta-data
84-->[androidx.lifecycle:lifecycle-process:2.10.0] AndroidManifest.xml:29:13-31:52
85                android:name="androidx.lifecycle.ProcessLifecycleInitializer"
85-->[androidx.lifecycle:lifecycle-process:2.10.0] AndroidManifest.xml:30:17-78
86                android:value="androidx.startup" />
86-->[androidx.lifecycle:lifecycle-process:2.10.0] AndroidManifest.xml:31:17-49
87            <meta-data
87-->[com.squareup.okhttp3:okhttp-android:5.3.2] AndroidManifest.xml:16:13-18:52
88                android:name="okhttp3.internal.platform.PlatformInitializer"
88-->[com.squareup.okhttp3:okhttp-android:5.3.2] AndroidManifest.xml:17:17-77
89                android:value="androidx.startup" />
89-->[com.squareup.okhttp3:okhttp-android:5.3.2] AndroidManifest.xml:18:17-49
90            <meta-data
90-->[androidx.profileinstaller:profileinstaller:1.4.1] AndroidManifest.xml:29:13-31:52
91                android:name="androidx.profileinstaller.ProfileInstallerInitializer"
91-->[androidx.profileinstaller:profileinstaller:1.4.1] AndroidManifest.xml:30:17-85
92                android:value="androidx.startup" />
92-->[androidx.profileinstaller:profileinstaller:1.4.1] AndroidManifest.xml:31:17-49
93        </provider>
94
95        <activity
95-->[androidx.compose.ui:ui-test-manifest:1.10.4] AndroidManifest.xml:23:9-26:79
96            android:name="androidx.activity.ComponentActivity"
96-->[androidx.compose.ui:ui-test-manifest:1.10.4] AndroidManifest.xml:24:13-63
97            android:exported="true"
97-->[androidx.compose.ui:ui-test-manifest:1.10.4] AndroidManifest.xml:25:13-36
98            android:theme="@android:style/Theme.Material.Light.NoActionBar" />
98-->[androidx.compose.ui:ui-test-manifest:1.10.4] AndroidManifest.xml:26:13-76
99
100        <receiver
100-->[androidx.profileinstaller:profileinstaller:1.4.1] AndroidManifest.xml:34:9-52:20
101            android:name="androidx.profileinstaller.ProfileInstallReceiver"
101-->[androidx.profileinstaller:profileinstaller:1.4.1] AndroidManifest.xml:35:13-76
102            android:directBootAware="false"
102-->[androidx.profileinstaller:profileinstaller:1.4.1] AndroidManifest.xml:36:13-44
103            android:enabled="true"
103-->[androidx.profileinstaller:profileinstaller:1.4.1] AndroidManifest.xml:37:13-35
104            android:exported="true"
104-->[androidx.profileinstaller:profileinstaller:1.4.1] AndroidManifest.xml:38:13-36
105            android:permission="android.permission.DUMP" >
105-->[androidx.profileinstaller:profileinstaller:1.4.1] AndroidManifest.xml:39:13-57
106            <intent-filter>
106-->[androidx.profileinstaller:profileinstaller:1.4.1] AndroidManifest.xml:40:13-42:29
107                <action android:name="androidx.profileinstaller.action.INSTALL_PROFILE" />
107-->[androidx.profileinstaller:profileinstaller:1.4.1] AndroidManifest.xml:41:17-91
107-->[androidx.profileinstaller:profileinstaller:1.4.1] AndroidManifest.xml:41:25-88
108            </intent-filter>
109            <intent-filter>
109-->[androidx.profileinstaller:profileinstaller:1.4.1] AndroidManifest.xml:43:13-45:29
110                <action android:name="androidx.profileinstaller.action.SKIP_FILE" />
110-->[androidx.profileinstaller:profileinstaller:1.4.1] AndroidManifest.xml:44:17-85
110-->[androidx.profileinstaller:profileinstaller:1.4.1] AndroidManifest.xml:44:25-82
111            </intent-filter>
112            <intent-filter>
112-->[androidx.profileinstaller:profileinstaller:1.4.1] AndroidManifest.xml:46:13-48:29
113                <action android:name="androidx.profileinstaller.action.SAVE_PROFILE" />
113-->[androidx.profileinstaller:profileinstaller:1.4.1] AndroidManifest.xml:47:17-88
113-->[androidx.profileinstaller:profileinstaller:1.4.1] AndroidManifest.xml:47:25-85
114            </intent-filter>
115            <intent-filter>
115-->[androidx.profileinstaller:profileinstaller:1.4.1] AndroidManifest.xml:49:13-51:29
116                <action android:name="androidx.profileinstaller.action.BENCHMARK_OPERATION" />
116-->[androidx.profileinstaller:profileinstaller:1.4.1] AndroidManifest.xml:50:17-95
116-->[androidx.profileinstaller:profileinstaller:1.4.1] AndroidManifest.xml:50:25-92
117            </intent-filter>
118        </receiver>
119    </application>
120
121</manifest>